[debug] [2022-05-04T18:25:41.777Z] ----------------------------------------------------------------------
[debug] [2022-05-04T18:25:41.781Z] Command:       C:\Program Files\nodejs\node.exe C:\Users\rodol\AppData\Roaming\npm\node_modules\firebase-tools\lib\bin\firebase.js init
[debug] [2022-05-04T18:25:41.782Z] CLI Version:   10.7.2
[debug] [2022-05-04T18:25:41.783Z] Platform:      win32
[debug] [2022-05-04T18:25:41.783Z] Node Version:  v16.14.2
[debug] [2022-05-04T18:25:41.785Z] Time:          Wed May 04 2022 15:25:41 GMT-0300 (Brasilia Standard Time)
[debug] [2022-05-04T18:25:41.785Z] ----------------------------------------------------------------------
[debug] 
[debug] [2022-05-04T18:25:41.919Z] > command requires scopes: ["email","openid","https://www.googleapis.com/auth/cloudplatformprojects.readonly","https://www.googleapis.com/auth/firebase","https://www.googleapis.com/auth/cloud-platform"]
[debug] [2022-05-04T18:25:41.920Z] > authorizing via signed-in user (utilitarios@venicesistemas.com.br)
[info] 
     ######## #### ########  ######## ########     ###     ######  ########
     ##        ##  ##     ## ##       ##     ##  ##   ##  ##       ##
     ######    ##  ########  ######   ########  #########  ######  ######
     ##        ##  ##    ##  ##       ##     ## ##     ##       ## ##
     ##       #### ##     ## ######## ########  ##     ##  ######  ########

You're about to initialize a Firebase project in this directory:

  C:\FunctionApi

Before we get started, keep in mind:

  * You are currently outside your home directory
  * You are initializing within an existing Firebase project directory

